<?xml version="1.0" encoding="UTF-8"?>
<!-- Generated by org.testng.reporters.JUnitXMLReporter -->
<testsuite hostname="LAPTOP-FHVIN2VS" ignored="0" name="HubSpot LoginPage Testing-Firefox" tests="3" failures="0" timestamp="28 May 2022 23:58:20 GMT" time="8.369" errors="0">
  <testcase name="verifySignUpLinkTest" time="0.119" classname="com.qa.hubspot.tests.LoginPageTest"/>
  <testcase name="verifyLoginPageTitleTest" time="0.052" classname="com.qa.hubspot.tests.LoginPageTest"/>
  <testcase name="loginTest" time="0.849" classname="com.qa.hubspot.tests.LoginPageTest"/>
</testsuite> <!-- HubSpot LoginPage Testing-Firefox -->
