<?xml version="1.0" encoding="UTF-8"?>
<!-- Generated by org.testng.reporters.JUnitXMLReporter -->
<testsuite hostname="LAPTOP-FHVIN2VS" ignored="0" name="HubSpot HomePage Testing-Chrome" tests="2" failures="0" timestamp="29 May 2022 23:08:54 GMT" time="11.149" errors="0">
  <testcase name="verifyHomePageHeaderTest" time="0.883" classname="com.qa.hubspot.tests.HomePageTest"/>
  <testcase name="verifyHomePageTitleTest" time="0.021" classname="com.qa.hubspot.tests.HomePageTest"/>
</testsuite> <!-- HubSpot HomePage Testing-Chrome -->
