<?xml version="1.0" encoding="UTF-8"?>
<!-- Generated by org.testng.reporters.JUnitXMLReporter -->
<testsuite hostname="LAPTOP-FHVIN2VS" ignored="0" name="LoginPage Testing- chrome" tests="9" failures="0" timestamp="29 May 2022 23:27:00 GMT" time="25.993" errors="0">
  <testcase name="verifySignUpLinkTest" time="1.453" classname="com.qa.hubspot.tests.LoginPageTest"/>
  <testcase name="verifyHomePageHeaderTest" time="0.99" classname="com.qa.hubspot.tests.HomePageTest"/>
  <testcase name="verifyContactsPageTitleTest" time="0.029" classname="com.qa.hubspot.tests.ContactsPageTest"/>
  <testcase name="verifyLoginPageTitleTest" time="0.027" classname="com.qa.hubspot.tests.LoginPageTest"/>
  <testcase name="verifyHomePageTitleTest" time="0.013" classname="com.qa.hubspot.tests.HomePageTest"/>
  <testcase name="verifyContactsPageHeaderTest" time="0.034" classname="com.qa.hubspot.tests.ContactsPageTest"/>
  <testcase name="loginTest" time="0.259" classname="com.qa.hubspot.tests.LoginPageTest"/>
  <testcase name="createNewContactTest" time="2.169" classname="com.qa.hubspot.tests.ContactsPageTest"/>
  <testcase name="deleteAllContacts" time="5.225" classname="com.qa.hubspot.tests.ContactsPageTest"/>
</testsuite> <!-- LoginPage Testing- chrome -->
