<?xml version="1.0" encoding="UTF-8"?>
<!-- Generated by org.testng.reporters.JUnitXMLReporter -->
<testsuite hostname="LAPTOP-FHVIN2VS" ignored="0" name="HubSpot Feature Testing-Chrome" tests="3" failures="0" timestamp="27 Jul 2020 17:39:54 GMT" time="14.684" errors="0">
  <testcase name="verifyLoginPageTitleTest" time="6.785" classname="com.qa.hubspot.tests.LoginPageTest"/>
  <testcase name="verifySignUpLinkTest" time="0.317" classname="com.qa.hubspot.tests.LoginPageTest"/>
  <testcase name="loginTest" time="2.229" classname="com.qa.hubspot.tests.LoginPageTest"/>
</testsuite> <!-- HubSpot Feature Testing-Chrome -->
