<?xml version="1.0" encoding="UTF-8"?>
<!-- Generated by org.testng.reporters.JUnitXMLReporter -->
<testsuite hostname="LAPTOP-FHVIN2VS" ignored="0" name="HubSpot LoginPage Testing-Chrome" tests="3" failures="0" timestamp="28 Jul 2020 14:44:58 GMT" time="79.232" errors="0">
  <testcase name="verifySignUpLinkTest" time="34.254" classname="com.qa.hubspot.tests.LoginPageTest"/>
  <testcase name="verifyLoginPageTitleTest" time="2.764" classname="com.qa.hubspot.tests.LoginPageTest"/>
  <testcase name="loginTest" time="21.489" classname="com.qa.hubspot.tests.LoginPageTest"/>
</testsuite> <!-- HubSpot LoginPage Testing-Chrome -->
