<?xml version="1.0" encoding="UTF-8"?>
<!-- Generated by org.testng.reporters.JUnitXMLReporter -->
<testsuite hostname="LAPTOP-FHVIN2VS" ignored="0" name="HubSpot Feature Testing-Firefox" tests="3" failures="0" timestamp="27 Jul 2020 17:40:04 GMT" time="25.253" errors="0">
  <testcase name="verifyLoginPageTitleTest" time="4.533" classname="com.qa.hubspot.tests.LoginPageTest"/>
  <testcase name="verifySignUpLinkTest" time="1.894" classname="com.qa.hubspot.tests.LoginPageTest"/>
  <testcase name="loginTest" time="5.058" classname="com.qa.hubspot.tests.LoginPageTest"/>
</testsuite> <!-- HubSpot Feature Testing-Firefox -->
