<?xml version="1.0" encoding="UTF-8"?>
<!-- Generated by org.testng.reporters.JUnitXMLReporter -->
<testsuite hostname="LAPTOP-FHVIN2VS" ignored="0" name="HubSpot HomePage Testing-Chrome" tests="3" failures="0" timestamp="28 Jul 2020 14:46:55 GMT" time="196.135" errors="0">
  <testcase name="verifyHomePageHeaderTest" time="116.741" classname="com.qa.hubspot.tests.HomePageTest"/>
  <testcase name="verifyHomePageTitleTest" time="3.46" classname="com.qa.hubspot.tests.HomePageTest"/>
  <testcase name="verifyLoggedInAccountNameTest" time="4.837" classname="com.qa.hubspot.tests.HomePageTest"/>
</testsuite> <!-- HubSpot HomePage Testing-Chrome -->
